2026-06-11 21:40:13,668 - INFO - --- SILVER LAYER PROCESSING STARTED ---
2026-06-11 21:40:13,670 - INFO - Logfajl mentese ide: logs/silver_20260611.log
2026-06-11 21:40:13,671 - INFO - DEBUG - Keresett abszolut Bronze utvonal: /home/runner/work/spark-airflow-pipeline/spark-airflow-pipeline/data/bronze
2026-06-11 21:40:13,672 - INFO - DEBUG - Letezik a mappa a runneren? False
2026-06-11 21:40:13,673 - WARNING - A Bronze mappa hianyzik vagy teljesen ures: /home/runner/work/spark-airflow-pipeline/spark-airflow-pipeline/data/bronze. A Silver feldolgozas atugorva.
2026-06-11 21:45:31,356 - INFO - --- SILVER LAYER PROCESSING STARTED ---
2026-06-11 21:45:31,358 - INFO - Logfajl mentese ide: logs/silver_20260611.log
2026-06-11 21:45:31,361 - INFO - DEBUG - Keresett abszolut Bronze utvonal: /home/runner/work/spark-airflow-pipeline/spark-airflow-pipeline/data/bronze
2026-06-11 21:45:31,362 - INFO - DEBUG - Letezik a mappa a runneren? True
2026-06-11 21:45:31,364 - WARNING - A Bronze mappa hianyzik vagy teljesen ures: /home/runner/work/spark-airflow-pipeline/spark-airflow-pipeline/data/bronze. A Silver feldolgozas atugorva.
2026-06-11 22:01:02,871 - INFO - --- SILVER LAYER PROCESSING STARTED ---
2026-06-11 22:01:02,872 - INFO - Logfajl mentese ide: logs/silver_20260611.log
2026-06-11 22:01:02,874 - INFO - DEBUG - Keresett abszolut Bronze utvonal: /home/runner/work/spark-airflow-pipeline/spark-airflow-pipeline/data/bronze
2026-06-11 22:01:02,875 - INFO - DEBUG - Letezik a mappa a runneren? True
2026-06-11 22:01:02,877 - INFO - Bronze Delta tabla beolvasasa innen: /home/runner/work/spark-airflow-pipeline/spark-airflow-pipeline/data/bronze
2026-06-11 22:01:03,928 - INFO - BASIC INFO - Beolvasott nyers sorok szama: 1999
2026-06-11 22:01:03,930 - INFO - Oszlopnevek szabvanyositasa (szokozok csereje alahuzasra)...
2026-06-11 22:01:03,987 - INFO - Penzugyi mezok, datumok es mennyisegek tiszitasa vektorizaltan...
2026-06-11 22:01:04,101 - INFO - Deduplikacio inditasa...
2026-06-11 22:01:05,407 - INFO - Szigoru NULL es hibas adat szures a kritikus oszlopokra...
2026-06-11 22:01:06,419 - WARNING - ADATMINOSEGI RIASZTAS - Kiszurtunk 1 sort hibas adatok miatt!
2026-06-11 22:01:06,420 - INFO - Opcionalis szoveges mezok blank/NA ertekeinek csereje 'Unknown' szora...
2026-06-11 22:01:06,596 - INFO - --- STAR SCHEMA ELŐKÉSZÍTÉSE SURROGATE KULCSOKKAL ÉS SCD2-VEL ---
2026-06-11 22:01:06,597 - INFO - Customer dimenzio letrehozasa es SCD2 kezelese...
2026-06-11 22:01:06,629 - INFO - dim_customers nem letezik, elso inicializalas...
2026-06-11 22:01:09,531 - INFO - Product dimenzio letrehozasa es SCD2 kezelese...
2026-06-11 22:01:09,560 - INFO - dim_products nem letezik, elso inicializalas...
2026-06-11 22:01:11,872 - INFO - Dinamikus dim_date tabla letrehozasa...
2026-06-11 22:01:11,905 - INFO - Fact sales tabla osszeallitasa surrogate kulcsokkal (SCD2 alapu JOIN)...
2026-06-11 22:01:11,987 - INFO - Mentes: dim_date -> /home/runner/work/spark-airflow-pipeline/spark-airflow-pipeline/data/silver/dim_date
2026-06-11 22:01:14,089 - INFO - Mentes: fact_sales -> /home/runner/work/spark-airflow-pipeline/spark-airflow-pipeline/data/silver/fact_sales
2026-06-11 22:01:17,729 - INFO - --- SILVER LAYER PROCESSING FINISHED ---
2026-06-11 22:01:17,730 - INFO - Delta Lake performance optimalizáció indítása (OPTIMIZE & VACUUM)...
2026-06-11 22:02:21,818 - INFO - A Delta táblák optimalizálása sikeresen befejeződött!
